<?xml version="1.0" encoding="UTF-8"?>
<!-- Generated by org.testng.reporters.JUnitReportReporter -->
<testsuite hostname="admin-PC" name="com.practice.Practice2" tests="1" failures="0" timestamp="20 Dec 2017 17:52:46 GMT" time="26.375" errors="0">
  <testcase name="searchItem" time="26.375" classname="com.practice.Practice2"/>
</testsuite> <!-- com.practice.Practice2 -->
