<?xml version="1.0" encoding="UTF-8"?>
<!-- Generated by org.testng.reporters.JUnitReportReporter -->
<testsuite hostname="admin-PC" name="com.practice.SampleTest1" tests="1" failures="0" timestamp="21 Dec 2017 17:00:34 GMT" time="7.001" errors="0">
  <testcase name="searchListingpageValidation" time="7.001" classname="com.practice.SampleTest1"/>
</testsuite> <!-- com.practice.SampleTest1 -->
