<?xml version="1.0" encoding="UTF-8"?>
<!-- Generated by org.testng.reporters.JUnitReportReporter -->
<testsuite hostname="admin-PC" name="com.bigbasket.testcases.TC_001_SearchListingPageTestCases" tests="1" failures="0" timestamp="23 Dec 2017 18:26:43 GMT" time="47.611" errors="0">
  <testcase name="searchListingPageTestCases" time="47.611" classname="com.bigbasket.testcases.TC_001_SearchListingPageTestCases"/>
</testsuite> <!-- com.bigbasket.testcases.TC_001_SearchListingPageTestCases -->
