<?xml version="1.0" encoding="UTF-8"?>
<!-- Generated by org.testng.reporters.JUnitReportReporter -->
<testsuite hostname="admin-PC" name="com.bigbasket.testcases.TC_001_SearchListingPageTestCases" tests="1" failures="0" timestamp="27 Dec 2017 17:10:55 GMT" time="64.475" errors="0">
  <testcase name="searchListingPageTestCases" time="64.475" classname="com.bigbasket.testcases.TC_001_SearchListingPageTestCases"/>
</testsuite> <!-- com.bigbasket.testcases.TC_001_SearchListingPageTestCases -->
